============================================================================
			    Symbol-Table
Type		Name		I|C|A|U		Scope		Value
Int		x		0-0-1-0		0		0

============================================================================
			    Symbol-Table
Type		Name		I|C|A|U		Scope		Value
Int		x		1-0-1-0		0		0

============================================================================
			    Symbol-Table
Type		Name		I|C|A|U		Scope		Value
Int		x		1-0-1-0		0		0
Int		z		0-0-1-0		0		0

============================================================================
			    Symbol-Table
Type		Name		I|C|A|U		Scope		Value
Int		x		1-0-1-0		0		0
Int		z		0-0-1-0		0		0

============================================================================
			    Symbol-Table
Type		Name		I|C|A|U		Scope		Value
Int		x		1-0-1-0		0		0
Int		z		0-0-1-0		0		0

============================================================================
			    Symbol-Table
Type		Name		I|C|A|U		Scope		Value
Int		x		1-0-1-0		0		0
Int		z		0-0-1-0		0		0

============================================================================
			    Symbol-Table
Type		Name		I|C|A|U		Scope		Value
Int		x		1-0-1-0		0		0
Int		z		0-0-1-0		0		0

============================================================================
			    Symbol-Table
Type		Name		I|C|A|U		Scope		Value
Int		x		1-0-1-0		0		0
Int		z		0-0-1-0		0		0

============================================================================
			    Symbol-Table
Type		Name		I|C|A|U		Scope		Value
Int		x		1-0-1-1		0		0
Int		z		0-0-1-0		0		0
Int		j		0-0-1-0		1		0

============================================================================
			    Symbol-Table
Type		Name		I|C|A|U		Scope		Value
Int		x		1-0-1-1		0		0
Int		z		0-0-1-0		0		0
Int		j		1-0-1-0		1		5

============================================================================
			    Symbol-Table
Type		Name		I|C|A|U		Scope		Value
Int		x		1-0-1-1		0		0
Int		z		0-0-1-0		0		0

============================================================================
			    Symbol-Table
Type		Name		I|C|A|U		Scope		Value
Int		x		1-0-1-1		0		0
Int		z		0-0-1-0		0		0
Int		k		0-0-1-0		1		5

============================================================================
			    Symbol-Table
Type		Name		I|C|A|U		Scope		Value
Int		x		1-0-1-1		0		0
Int		z		0-0-1-0		0		0
Int		k		1-0-1-0		1		8

============================================================================
			    Symbol-Table
Type		Name		I|C|A|U		Scope		Value
Int		x		1-0-1-1		0		0
Int		z		0-0-1-0		0		0

============================================================================
			    Symbol-Table
Type		Name		I|C|A|U		Scope		Value
Int		x		1-0-1-1		0		0
Int		z		0-0-1-0		0		0
Int		y		0-0-1-0		0		8

============================================================================
			    Symbol-Table
Type		Name		I|C|A|U		Scope		Value
Int		x		1-0-1-1		0		0
Int		z		0-0-1-0		0		0
Int		y		1-0-1-0		0		7

